SF:lib/features/profile/domain/user_profile.dart
DA:10,2
DA:29,1
DA:30,2
DA:31,2
DA:32,2
DA:33,2
DA:35,1
DA:37,1
DA:38,2
DA:39,2
DA:40,2
DA:41,2
DA:42,2
DA:43,2
DA:44,2
DA:50,2
DA:51,1
DA:52,1
DA:53,1
DA:54,1
DA:55,1
DA:56,1
DA:59,1
DA:68,1
DA:69,0
DA:70,1
DA:71,1
DA:72,1
DA:73,1
DA:74,1
DA:75,1
DA:79,1
DA:81,1
DA:82,3
DA:83,3
DA:84,3
DA:85,3
DA:86,3
DA:87,3
DA:88,3
DA:90,1
DA:91,1
DA:92,7
LF:43
LH:42
end_of_record
SF:lib/app/router.dart
DA:34,0
DA:35,0
DA:37,0
DA:39,0
DA:40,0
DA:41,0
DA:43,0
DA:45,0
DA:46,0
DA:52,0
DA:62,0
DA:63,0
DA:65,0
DA:67,0
DA:69,0
DA:71,0
DA:73,0
DA:75,0
DA:77,0
DA:79,0
DA:81,0
DA:83,0
DA:85,0
DA:86,0
DA:87,0
DA:89,0
DA:94,0
DA:96,0
DA:97,0
DA:98,0
DA:100,0
DA:102,0
DA:104,0
DA:105,0
DA:109,0
DA:111,0
DA:113,0
DA:115,0
DA:120,0
LF:39
LH:0
end_of_record
SF:lib/core/go_router_refresh_stream.dart
DA:8,0
DA:9,0
DA:10,0
DA:15,0
DA:17,0
DA:18,0
LF:6
LH:0
end_of_record
SF:lib/core/providers.dart
DA:14,0
DA:15,0
DA:17,0
DA:18,0
DA:21,6
DA:22,0
DA:24,3
DA:25,0
DA:27,3
DA:28,0
DA:30,3
DA:31,0
DA:33,3
DA:34,0
DA:36,3
DA:37,0
DA:40,0
DA:41,0
LF:18
LH:6
end_of_record
SF:lib/features/auth/presentation/forgot_pw_page.dart
DA:14,2
DA:16,0
DA:18,0
DA:24,0
DA:26,0
DA:27,0
DA:30,0
DA:32,0
DA:33,0
DA:34,0
DA:35,0
DA:36,0
DA:37,0
DA:38,0
DA:39,0
DA:40,0
DA:44,0
DA:45,0
DA:47,0
DA:48,0
DA:49,0
DA:50,0
DA:51,0
DA:52,0
DA:53,0
DA:57,0
DA:58,0
DA:63,0
DA:65,0
DA:66,0
DA:67,0
DA:69,0
DA:70,0
DA:71,0
DA:74,0
DA:76,0
DA:77,0
DA:79,0
DA:83,0
DA:86,0
DA:88,0
DA:89,0
DA:90,0
DA:91,0
DA:92,0
DA:93,0
DA:95,0
DA:97,0
DA:98,0
DA:101,0
DA:107,0
DA:109,0
DA:110,0
DA:111,0
LF:54
LH:1
end_of_record
SF:lib/features/auth/presentation/login_page.dart
DA:15,2
DA:17,1
DA:18,1
DA:27,0
DA:28,0
DA:29,0
DA:35,0
DA:36,0
DA:37,0
DA:39,0
DA:41,0
DA:43,0
DA:46,0
DA:47,0
DA:48,0
DA:49,0
DA:52,0
DA:53,0
DA:54,0
DA:60,1
DA:62,2
DA:63,2
DA:64,1
DA:67,1
DA:69,1
DA:70,1
DA:71,1
DA:72,1
DA:73,1
DA:74,1
DA:76,1
DA:77,1
DA:78,1
DA:79,1
DA:81,1
DA:86,1
DA:89,1
DA:91,1
DA:92,1
DA:93,1
DA:94,1
DA:95,1
DA:97,1
DA:99,1
DA:100,1
DA:101,1
DA:108,1
DA:111,1
DA:113,1
DA:114,1
DA:115,1
DA:116,1
DA:117,1
DA:119,1
DA:121,1
DA:122,1
DA:123,1
DA:124,1
DA:127,1
DA:128,0
DA:129,0
DA:130,0
DA:133,1
DA:134,1
DA:146,1
DA:148,1
DA:150,1
DA:152,1
DA:153,1
DA:154,0
DA:155,1
DA:157,1
DA:167,1
DA:170,1
DA:172,1
DA:173,1
DA:174,1
DA:175,1
DA:176,1
DA:178,1
DA:180,1
DA:181,1
DA:183,1
DA:193,1
DA:196,1
DA:198,1
DA:199,1
DA:201,1
DA:205,1
DA:206,0
DA:207,1
DA:209,1
LF:92
LH:71
end_of_record
SF:lib/features/auth/presentation/register_page.dart
DA:12,2
DA:14,0
DA:15,0
DA:25,0
DA:26,0
DA:27,0
DA:31,0
DA:33,0
DA:34,0
DA:35,0
DA:36,0
DA:39,0
DA:40,0
DA:41,0
DA:44,0
DA:45,0
DA:50,0
DA:51,0
DA:52,0
DA:54,0
DA:55,0
DA:56,0
DA:57,0
DA:58,0
DA:60,0
DA:63,0
DA:64,0
DA:65,0
DA:71,0
DA:72,0
DA:73,0
DA:74,0
DA:75,0
DA:79,0
DA:80,0
DA:81,0
DA:84,0
DA:86,0
DA:87,0
DA:88,0
DA:89,0
DA:90,0
DA:91,0
DA:93,0
DA:94,0
DA:95,0
DA:96,0
DA:98,0
DA:103,0
DA:106,0
DA:108,0
DA:109,0
DA:110,0
DA:111,0
DA:112,0
DA:114,0
DA:116,0
DA:117,0
DA:118,0
DA:125,0
DA:128,0
DA:130,0
DA:131,0
DA:132,0
DA:133,0
DA:134,0
DA:136,0
DA:138,0
DA:139,0
DA:140,0
DA:141,0
DA:144,0
DA:145,0
DA:146,0
DA:147,0
DA:150,0
DA:158,0
DA:161,0
DA:163,0
DA:164,0
DA:165,0
DA:166,0
DA:167,0
DA:169,0
DA:171,0
DA:172,0
DA:173,0
DA:174,0
DA:177,0
DA:178,0
DA:179,0
DA:180,0
DA:183,0
DA:191,0
DA:194,0
DA:196,0
DA:197,0
DA:198,0
DA:199,0
DA:200,0
DA:202,0
DA:204,0
DA:205,0
DA:207,0
DA:217,0
DA:220,0
DA:222,0
DA:223,0
DA:225,0
DA:229,0
DA:230,0
DA:231,0
DA:233,0
LF:113
LH:1
end_of_record
SF:lib/features/profile/presentation/user_info_page.dart
DA:21,2
DA:23,1
DA:24,1
DA:41,1
DA:43,1
DA:44,5
DA:46,1
DA:47,7
DA:48,1
DA:49,2
DA:50,3
DA:51,4
DA:52,3
DA:53,3
DA:54,3
DA:55,3
DA:60,1
DA:62,2
DA:63,2
DA:64,2
DA:65,2
DA:66,2
DA:67,2
DA:68,1
DA:71,0
DA:72,0
DA:73,0
DA:74,0
DA:75,0
DA:76,0
DA:77,0
DA:78,0
DA:82,0
DA:83,0
DA:84,0
DA:85,0
DA:87,0
DA:88,0
DA:90,0
DA:93,0
DA:94,0
DA:95,0
DA:100,1
DA:102,1
DA:103,1
DA:105,1
DA:106,2
DA:108,1
DA:109,1
DA:110,1
DA:111,1
DA:112,1
DA:114,1
DA:115,1
DA:116,1
DA:117,1
DA:120,1
DA:121,1
DA:126,1
DA:127,1
DA:128,0
DA:129,0
DA:130,0
DA:133,0
DA:134,0
DA:139,3
DA:140,1
DA:142,1
DA:144,1
DA:146,1
DA:147,1
DA:148,1
DA:149,1
DA:151,2
DA:152,1
DA:154,1
DA:156,1
DA:160,1
DA:161,1
DA:162,1
DA:164,1
DA:165,1
DA:166,4
DA:167,1
DA:168,1
DA:170,1
DA:171,1
DA:173,1
DA:175,1
DA:177,1
DA:182,1
DA:183,4
DA:184,1
DA:185,1
DA:187,1
DA:188,1
DA:190,1
DA:192,1
DA:194,1
DA:201,1
DA:202,1
DA:203,1
DA:204,1
DA:206,2
DA:208,1
DA:209,1
DA:210,0
DA:211,0
DA:212,0
DA:215,1
DA:216,1
DA:217,1
LF:112
LH:86
end_of_record
SF:lib/features/settings/presentation/account_settings_page.dart
DA:11,1
DA:13,1
DA:25,1
DA:27,2
DA:28,2
DA:29,1
DA:32,0
DA:34,0
DA:41,0
DA:42,0
DA:43,0
DA:46,0
DA:47,0
DA:50,0
DA:51,0
DA:52,0
DA:54,0
DA:59,0
DA:61,0
DA:67,0
DA:68,0
DA:69,0
DA:72,0
DA:73,0
DA:76,0
DA:77,0
DA:78,0
DA:80,0
DA:85,0
DA:87,0
DA:88,0
DA:89,0
DA:90,0
DA:91,0
DA:92,0
DA:94,0
DA:95,0
DA:96,0
DA:97,0
DA:99,0
DA:100,0
DA:101,0
DA:110,0
DA:111,0
DA:115,1
DA:117,1
DA:118,1
DA:120,1
DA:122,1
DA:123,1
DA:125,1
DA:127,1
DA:128,1
DA:129,1
DA:130,1
DA:132,1
DA:133,1
DA:134,1
DA:136,1
DA:140,1
DA:141,1
DA:142,1
DA:143,1
DA:144,1
DA:146,1
DA:148,1
DA:150,0
DA:151,0
DA:154,0
DA:156,0
DA:163,1
DA:164,1
DA:165,1
DA:166,1
DA:167,1
DA:168,1
DA:177,1
DA:178,1
DA:179,1
DA:181,1
DA:182,1
DA:183,1
DA:185,1
DA:189,1
DA:190,1
DA:191,1
DA:192,1
DA:193,1
DA:195,1
DA:197,1
DA:200,0
DA:201,0
DA:204,0
DA:211,1
DA:212,1
DA:213,1
DA:214,1
DA:215,1
DA:216,1
DA:221,1
DA:226,1
DA:227,1
DA:228,1
DA:229,1
DA:230,1
DA:231,1
DA:234,1
LF:107
LH:62
end_of_record
SF:lib/features/settings/presentation/privacy_settings_page.dart
DA:13,0
DA:15,1
DA:17,1
DA:22,4
DA:24,1
DA:26,1
DA:27,1
DA:30,1
DA:31,4
DA:32,1
DA:33,2
DA:34,2
DA:38,0
DA:39,0
DA:42,1
DA:44,1
DA:45,1
DA:47,1
DA:49,1
DA:50,1
DA:52,1
DA:53,1
DA:54,1
DA:55,1
DA:56,0
DA:57,0
DA:58,0
DA:60,0
LF:28
LH:21
end_of_record
SF:lib/features/settings/presentation/settings_page.dart
DA:12,1
DA:14,1
DA:15,1
DA:17,1
DA:19,1
DA:20,1
DA:21,1
DA:22,1
DA:23,1
DA:24,0
DA:26,1
DA:27,1
DA:28,1
DA:29,0
DA:31,1
DA:32,1
DA:33,1
DA:34,0
DA:36,1
DA:37,1
DA:38,1
DA:41,0
LF:22
LH:18
end_of_record
SF:lib/features/shell/presentation/home_shell.dart
DA:15,2
DA:17,1
DA:18,1
DA:24,3
DA:25,2
DA:26,1
DA:29,2
DA:31,2
DA:32,1
DA:35,1
DA:37,2
DA:40,0
DA:41,0
DA:42,0
DA:46,1
DA:48,1
DA:50,1
DA:52,1
DA:53,4
DA:54,1
DA:62,2
DA:63,1
DA:64,1
DA:65,0
DA:66,1
DA:74,2
DA:75,1
DA:76,1
DA:77,1
DA:79,1
DA:80,1
DA:81,1
DA:83,1
DA:86,1
DA:87,1
DA:88,1
DA:90,1
DA:97,1
DA:98,1
DA:99,0
DA:100,1
DA:102,1
DA:103,1
DA:105,1
DA:107,1
DA:108,1
DA:109,1
DA:111,1
DA:118,1
DA:119,1
DA:120,1
DA:122,1
DA:133,1
DA:134,1
DA:135,1
DA:137,1
DA:144,1
DA:145,1
DA:146,0
DA:147,1
DA:149,1
DA:150,1
DA:152,1
DA:154,1
DA:156,1
DA:157,1
DA:158,1
DA:160,1
DA:167,1
DA:168,1
DA:169,1
DA:171,1
DA:181,1
DA:182,1
DA:183,1
DA:185,1
DA:192,1
DA:193,1
DA:194,0
DA:195,1
DA:197,1
DA:198,1
DA:200,1
DA:202,1
DA:204,1
DA:205,1
DA:206,1
DA:208,1
DA:215,1
DA:216,1
DA:217,1
DA:219,1
DA:232,0
DA:233,1
DA:234,1
DA:235,1
DA:236,2
DA:237,1
DA:238,1
DA:241,1
DA:245,1
DA:246,1
DA:247,1
LF:103
LH:95
end_of_record
SF:lib/features/shell/presentation/loading_page.dart
DA:12,2
DA:14,0
DA:15,0
DA:19,0
DA:21,0
DA:22,0
DA:25,0
DA:27,0
DA:30,0
DA:31,0
DA:32,0
DA:33,0
DA:35,0
DA:39,0
LF:14
LH:1
end_of_record
SF:lib/features/water/presentation/water_tracker_page.dart
DA:13,1
DA:14,1
DA:22,4
DA:24,1
DA:26,1
DA:27,5
DA:28,6
DA:29,4
DA:33,1
DA:35,2
DA:36,1
DA:39,0
DA:40,0
DA:41,0
DA:42,0
DA:46,0
DA:47,0
DA:48,0
DA:49,0
DA:50,0
DA:55,1
DA:57,1
DA:58,1
DA:60,1
DA:62,1
DA:63,1
DA:65,1
DA:66,1
DA:68,1
DA:69,1
DA:70,1
DA:71,1
DA:79,1
DA:80,1
DA:81,2
DA:82,1
DA:87,1
DA:88,1
DA:90,1
DA:91,1
DA:92,1
DA:93,1
DA:95,1
DA:96,1
DA:97,1
DA:98,1
LF:46
LH:37
end_of_record
SF:lib/features/workout/presentation/workout_tracker_page.dart
DA:9,1
DA:10,1
DA:23,1
DA:25,1
DA:26,2
DA:27,1
DA:30,0
DA:31,0
DA:32,0
DA:35,0
DA:36,0
DA:37,0
DA:42,0
DA:43,0
DA:44,0
DA:47,0
DA:50,0
DA:51,0
DA:52,0
DA:53,0
DA:56,0
DA:59,0
DA:60,0
DA:61,0
DA:62,0
DA:66,0
DA:67,0
DA:68,0
DA:72,0
DA:73,0
DA:76,0
DA:77,0
DA:81,0
DA:84,1
DA:85,1
DA:86,1
DA:87,2
DA:88,3
DA:91,1
DA:93,1
DA:94,1
DA:95,1
DA:98,1
DA:99,0
DA:100,0
DA:102,1
DA:105,1
DA:106,1
DA:108,1
DA:110,1
DA:111,1
DA:112,1
DA:115,1
DA:116,1
DA:118,1
DA:120,1
DA:122,1
DA:124,1
DA:126,1
DA:129,0
DA:130,0
DA:131,0
DA:133,0
DA:134,0
DA:135,0
DA:136,0
DA:138,0
DA:139,0
DA:140,0
DA:141,0
DA:143,0
DA:144,0
DA:145,0
DA:146,0
DA:151,1
DA:152,1
DA:153,1
DA:156,1
DA:157,1
DA:158,3
DA:160,1
DA:162,1
DA:163,1
DA:164,2
DA:166,1
DA:168,1
DA:169,1
DA:171,1
DA:172,1
DA:173,0
DA:174,0
DA:176,1
DA:181,1
DA:182,1
DA:183,2
DA:184,2
DA:185,1
DA:186,1
DA:191,1
DA:192,1
DA:193,1
DA:194,1
DA:195,1
DA:196,1
DA:201,1
DA:202,1
DA:203,1
DA:205,1
DA:209,0
DA:210,0
DA:213,1
LF:111
LH:63
end_of_record
SF:lib/core/firebase/database_refs.dart
DA:6,0
DA:10,0
DA:12,0
DA:14,0
DA:16,0
DA:18,0
DA:22,0
LF:7
LH:0
end_of_record
SF:lib/core/logging/app_logger.dart
DA:7,0
DA:10,0
DA:11,0
DA:12,0
DA:13,0
DA:14,0
DA:15,0
DA:16,0
DA:17,0
DA:18,0
DA:19,0
LF:11
LH:0
end_of_record
SF:lib/features/auth/data/auth_repository.dart
DA:5,0
DA:9,0
DA:11,0
DA:13,0
DA:15,0
DA:17,0
DA:18,0
DA:19,0
DA:20,0
DA:24,0
DA:25,0
DA:26,0
DA:27,0
DA:31,0
DA:33,0
DA:34,0
DA:36,0
DA:37,0
DA:41,0
DA:42,0
DA:44,0
LF:21
LH:0
end_of_record
SF:lib/features/feed/data/feed_repository.dart
DA:9,0
DA:14,0
DA:17,0
DA:18,0
DA:19,0
DA:20,0
DA:25,0
DA:26,0
DA:27,0
DA:28,0
DA:34,0
DA:40,0
DA:41,0
DA:42,0
DA:44,0
DA:49,0
DA:52,0
LF:17
LH:0
end_of_record
SF:lib/features/meals/data/meals_repository.dart
DA:8,0
DA:12,0
DA:15,0
DA:16,0
DA:17,0
DA:18,0
DA:19,0
DA:20,0
DA:21,0
DA:25,0
DA:26,0
DA:28,0
DA:29,0
LF:13
LH:0
end_of_record
SF:lib/features/notes/data/notes_repository.dart
DA:8,0
DA:14,0
DA:15,0
DA:18,0
DA:19,0
DA:20,0
DA:22,0
DA:23,0
DA:24,0
DA:25,0
DA:26,0
DA:27,0
DA:31,0
DA:32,0
DA:34,0
DA:37,0
DA:40,0
DA:41,0
DA:43,0
DA:44,0
DA:46,0
DA:47,0
LF:22
LH:0
end_of_record
SF:lib/features/profile/data/profile_repository.dart
DA:6,0
DA:11,0
DA:12,0
DA:13,0
DA:17,0
DA:18,0
DA:19,0
DA:23,0
DA:24,0
DA:27,0
DA:28,0
LF:11
LH:0
end_of_record
SF:lib/features/water/data/water_repository.dart
DA:6,0
DA:11,0
DA:12,0
DA:13,0
DA:14,0
DA:18,0
DA:19,0
LF:7
LH:0
end_of_record
SF:lib/features/feed/domain/post.dart
DA:11,1
DA:31,1
DA:32,1
DA:33,2
DA:34,2
DA:35,2
DA:36,2
DA:37,2
DA:38,2
DA:39,2
DA:40,3
DA:44,2
DA:45,1
DA:46,1
DA:47,1
DA:48,1
DA:49,1
DA:50,1
DA:51,1
DA:52,1
DA:55,0
DA:65,0
DA:66,0
DA:67,0
DA:68,0
DA:69,0
DA:70,0
DA:71,0
DA:72,0
DA:73,0
DA:77,1
DA:79,1
DA:80,3
DA:81,3
DA:82,3
DA:83,3
DA:84,3
DA:85,3
DA:86,3
DA:88,1
DA:89,1
DA:90,7
LF:42
LH:32
end_of_record
SF:lib/features/feed/presentation/feed_page.dart
DA:17,1
DA:19,1
DA:20,1
DA:28,4
DA:29,4
DA:30,0
DA:32,1
DA:34,1
DA:35,1
DA:36,1
DA:39,1
DA:41,2
DA:42,1
DA:45,1
DA:46,1
DA:47,0
DA:49,0
DA:50,0
DA:51,0
DA:52,0
DA:53,0
DA:58,1
DA:59,4
DA:60,2
DA:61,2
DA:64,3
DA:65,2
DA:66,3
DA:71,0
DA:72,0
DA:75,3
DA:76,0
DA:77,0
DA:79,0
DA:80,0
DA:84,0
DA:85,0
DA:86,0
DA:87,0
DA:90,0
DA:91,0
DA:92,0
DA:93,0
DA:95,0
DA:97,0
DA:105,0
DA:106,0
DA:107,0
DA:108,0
DA:109,0
DA:110,0
DA:112,0
DA:117,1
DA:119,2
DA:120,1
DA:121,1
DA:122,1
DA:123,1
DA:124,1
DA:126,1
DA:127,2
DA:128,1
DA:129,2
DA:130,2
DA:131,1
DA:132,2
DA:133,3
DA:135,1
DA:137,0
DA:138,0
DA:140,0
DA:141,0
DA:145,0
DA:146,0
DA:148,0
DA:149,0
DA:152,0
DA:154,0
DA:155,0
DA:156,0
DA:170,1
DA:172,1
DA:173,1
DA:174,1
DA:175,1
DA:176,1
DA:182,1
DA:183,0
DA:184,0
DA:185,0
DA:186,0
DA:187,0
DA:190,1
DA:191,1
LF:94
LH:47
end_of_record
SF:lib/features/meals/domain/meal.dart
DA:6,1
DA:21,18
DA:23,1
DA:24,1
DA:26,2
DA:27,2
DA:28,2
DA:29,2
DA:33,1
DA:34,2
DA:35,2
DA:39,2
DA:40,1
DA:41,1
DA:42,1
DA:43,1
DA:46,0
DA:53,0
DA:54,0
DA:55,0
DA:56,0
DA:57,0
DA:58,0
DA:62,1
DA:64,1
DA:65,3
DA:66,3
DA:67,3
DA:68,3
DA:69,3
DA:71,0
DA:72,0
LF:32
LH:23
end_of_record
SF:lib/features/meals/presentation/meal_tracking_page.dart
DA:15,1
DA:16,1
DA:25,4
DA:26,4
DA:33,1
DA:35,1
DA:36,3
DA:37,6
DA:38,2
DA:39,1
DA:44,1
DA:46,2
DA:47,1
DA:50,0
DA:51,0
DA:54,0
DA:56,0
DA:57,0
DA:58,0
DA:59,0
DA:62,0
DA:67,0
DA:74,0
DA:77,0
DA:78,0
DA:79,0
DA:80,0
DA:83,1
DA:91,2
DA:92,2
DA:93,2
DA:94,2
DA:95,2
DA:98,1
DA:99,1
DA:100,1
DA:101,1
DA:103,1
DA:105,1
DA:106,1
DA:108,3
DA:110,1
DA:111,1
DA:112,1
DA:113,1
DA:117,1
DA:118,1
DA:119,1
DA:120,1
DA:125,1
DA:126,1
DA:127,1
DA:128,1
DA:133,1
DA:134,1
DA:135,1
DA:136,1
DA:141,1
DA:142,1
DA:143,1
DA:144,1
DA:145,1
DA:149,1
DA:150,1
DA:153,1
DA:155,1
DA:156,2
DA:157,1
DA:158,1
DA:159,1
DA:160,1
DA:161,3
DA:167,1
DA:168,1
DA:169,2
DA:170,1
DA:171,2
DA:172,1
DA:173,2
DA:174,0
DA:175,0
DA:176,0
DA:177,0
DA:180,1
DA:181,1
DA:182,2
DA:183,1
DA:184,4
DA:186,1
DA:187,1
DA:188,0
DA:189,0
LF:92
LH:72
end_of_record
SF:lib/features/notes/domain/note.dart
DA:6,2
DA:20,1
DA:21,1
DA:23,2
DA:24,2
DA:25,2
DA:26,2
DA:30,1
DA:32,1
DA:33,1
DA:34,1
DA:38,2
DA:39,1
DA:40,1
DA:41,2
DA:42,2
DA:45,0
DA:52,0
DA:53,0
DA:54,0
DA:55,0
DA:56,0
DA:57,0
DA:61,1
DA:63,1
DA:64,3
DA:65,3
DA:66,3
DA:67,3
DA:68,3
DA:70,0
DA:72,0
LF:32
LH:23
end_of_record
SF:lib/features/notes/presentation/calendar_page.dart
DA:8,1
DA:9,1
DA:15,1
DA:17,1
DA:18,1
DA:19,1
DA:20,1
DA:21,1
DA:22,1
DA:24,1
DA:25,1
DA:26,1
DA:27,0
DA:28,0
DA:29,0
DA:30,0
DA:34,1
DA:35,3
DA:36,1
DA:38,1
DA:39,1
DA:40,0
DA:41,0
DA:42,0
DA:43,0
DA:50,1
DA:51,1
DA:52,1
DA:54,1
DA:55,4
DA:56,1
DA:57,3
DA:58,3
DA:59,3
DA:60,2
DA:62,1
DA:64,1
DA:66,0
DA:67,0
DA:69,0
DA:70,0
DA:71,0
DA:72,0
DA:73,0
DA:74,0
DA:83,1
DA:84,1
DA:85,1
DA:86,1
DA:87,1
DA:88,1
DA:89,5
DA:90,1
DA:98,1
LF:54
LH:38
end_of_record
SF:lib/features/notes/presentation/notes_page.dart
DA:20,1
DA:26,1
DA:27,1
DA:31,4
DA:32,4
DA:39,0
DA:40,0
DA:41,0
DA:42,0
DA:43,0
DA:47,0
DA:48,0
DA:49,0
DA:52,0
DA:53,0
DA:54,0
DA:57,0
DA:58,0
DA:59,0
DA:62,1
DA:64,1
DA:66,4
DA:67,1
DA:68,1
DA:69,2
DA:72,2
DA:73,0
DA:76,6
DA:77,1
DA:78,2
DA:79,1
DA:87,1
DA:89,2
DA:90,1
DA:93,1
DA:95,1
DA:96,2
DA:97,0
DA:99,0
DA:100,0
DA:101,0
DA:102,0
DA:103,0
DA:104,0
DA:109,1
DA:110,1
DA:114,2
DA:115,1
DA:116,2
DA:117,2
DA:118,2
DA:119,3
DA:120,1
DA:121,1
DA:122,1
DA:123,1
DA:125,1
DA:126,1
DA:127,1
DA:128,1
DA:130,1
DA:134,1
DA:136,1
DA:138,1
DA:140,1
DA:145,1
DA:150,0
DA:152,1
DA:154,1
DA:155,1
DA:156,4
DA:158,1
DA:163,1
DA:165,1
DA:166,1
DA:167,1
DA:172,1
DA:173,0
DA:175,1
DA:179,1
DA:181,1
DA:182,1
DA:183,1
DA:184,0
DA:186,0
DA:187,0
DA:188,0
DA:189,0
DA:201,1
DA:203,1
DA:204,0
LF:91
LH:61
end_of_record
